<?xml version="1.0" encoding="UTF-8"?>
<testng-results ignored="0" total="1" passed="1" failed="0" skipped="0">
  <reporter-output>
  </reporter-output>
  <suite started-at="2026-02-18T06:00:27 IST" name="Default suite" finished-at="2026-02-18T06:00:35 IST" duration-ms="8465">
    <groups>
    </groups>
    <test started-at="2026-02-18T06:00:27 IST" name="Default test" finished-at="2026-02-18T06:00:35 IST" duration-ms="8465">
      <class name="pradeep_java_automation_projects_ui_api.SampleProject.LoginTest">
        <test-method is-config="true" signature="launchHome()[pri:0, instance:pradeep_java_automation_projects_ui_api.SampleProject.LoginTest@515c6049]" started-at="2026-02-18T06:00:27 IST" name="launchHome" finished-at="2026-02-18T06:00:35 IST" duration-ms="8387" status="PASS">
          <reporter-output>
          </reporter-output>
        </test-method> <!-- launchHome -->
        <test-method signature="login()[pri:0, instance:pradeep_java_automation_projects_ui_api.SampleProject.LoginTest@515c6049]" started-at="2026-02-18T06:00:35 IST" name="login" finished-at="2026-02-18T06:00:35 IST" duration-ms="11" status="PASS">
          <reporter-output>
          </reporter-output>
        </test-method> <!-- login -->
      </class> <!-- pradeep_java_automation_projects_ui_api.SampleProject.LoginTest -->
    </test> <!-- Default test -->
  </suite> <!-- Default suite -->
</testng-results>
