<?xml version="1.0" encoding="UTF-8"?>
<!-- Generated by org.testng.reporters.JUnitReportReporter -->
<testsuite hostname="Pradeep_Laptop" failures="0" tests="1" name="pradeep_java_automation_projects_ui_api.SampleProject.LoginTest" time="8.398" errors="0" timestamp="2026-02-18T06:00:36 IST" skipped="0">
  <testcase classname="pradeep_java_automation_projects_ui_api.SampleProject.LoginTest" name="login" time="8.398"/>
</testsuite> <!-- pradeep_java_automation_projects_ui_api.SampleProject.LoginTest -->
